{"F:\\projetos\\shutdw\\server\\auth.js": {"path":"F:\\projetos\\shutdw\\server\\auth.js","statementMap":{"0":{"start":{"line":1,"column":15},"end":{"line":1,"column":32}},"1":{"start":{"line":6,"column":21},"end":{"line":11,"column":1}},"2":{"start":{"line":20,"column":2},"end":{"line":22,"column":3}},"3":{"start":{"line":21,"column":4},"end":{"line":21,"column":51}},"4":{"start":{"line":23,"column":2},"end":{"line":25,"column":3}},"5":{"start":{"line":24,"column":4},"end":{"line":24,"column":59}},"6":{"start":{"line":26,"column":2},"end":{"line":26,"column":32}},"7":{"start":{"line":36,"column":2},"end":{"line":38,"column":3}},"8":{"start":{"line":37,"column":4},"end":{"line":37,"column":17}},"9":{"start":{"line":39,"column":2},"end":{"line":43,"column":3}},"10":{"start":{"line":40,"column":4},"end":{"line":40,"column":42}},"11":{"start":{"line":42,"column":4},"end":{"line":42,"column":17}},"12":{"start":{"line":52,"column":2},"end":{"line":52,"column":66}},"13":{"start":{"line":55,"column":0},"end":{"line":60,"column":2}}},"fnMap":{"0":{"name":"hashPin","decl":{"start":{"line":19,"column":15},"end":{"line":19,"column":22}},"loc":{"start":{"line":19,"column":49},"end":{"line":27,"column":1}},"line":19},"1":{"name":"verifyPin","decl":{"start":{"line":35,"column":15},"end":{"line":35,"column":24}},"loc":{"start":{"line":35,"column":36},"end":{"line":44,"column":1}},"line":35},"2":{"name":"isHash","decl":{"start":{"line":51,"column":9},"end":{"line":51,"column":15}},"loc":{"start":{"line":51,"column":23},"end":{"line":53,"column":1}},"line":51}},"branchMap":{"0":{"loc":{"start":{"line":19,"column":28},"end":{"line":19,"column":47}},"type":"default-arg","locations":[{"start":{"line":19,"column":35},"end":{"line":19,"column":47}}],"line":19},"1":{"loc":{"start":{"line":20,"column":2},"end":{"line":22,"column":3}},"type":"if","locations":[{"start":{"line":20,"column":2},"end":{"line":22,"column":3}},{"start":{},"end":{}}],"line":20},"2":{"loc":{"start":{"line":23,"column":2},"end":{"line":25,"column":3}},"type":"if","locations":[{"start":{"line":23,"column":2},"end":{"line":25,"column":3}},{"start":{},"end":{}}],"line":23},"3":{"loc":{"start":{"line":36,"column":2},"end":{"line":38,"column":3}},"type":"if","locations":[{"start":{"line":36,"column":2},"end":{"line":38,"column":3}},{"start":{},"end":{}}],"line":36},"4":{"loc":{"start":{"line":36,"column":6},"end":{"line":36,"column":57}},"type":"binary-expr","locations":[{"start":{"line":36,"column":6},"end":{"line":36,"column":30}},{"start":{"line":36,"column":34},"end":{"line":36,"column":57}}],"line":36},"5":{"loc":{"start":{"line":52,"column":9},"end":{"line":52,"column":65}},"type":"binary-expr","locations":[{"start":{"line":52,"column":9},"end":{"line":52,"column":34}},{"start":{"line":52,"column":38},"end":{"line":52,"column":65}}],"line":52}},"s":{"0":1,"1":1,"2":9,"3":0,"4":9,"5":0,"6":9,"7":3,"8":0,"9":3,"10":3,"11":0,"12":4,"13":1},"f":{"0":9,"1":3,"2":4},"b":{"0":[9],"1":[0,9],"2":[0,9],"3":[0,3],"4":[3,3],"5":[4,4]},"_coverageSchema":"1a1c01bbd47fc00a2c39e90264f33305004495a9","hash":"c69c0f79d9e0d99bc424d5a98c954c815c12b1bc"}
,"F:\\projetos\\shutdw\\server\\config.js": {"path":"F:\\projetos\\shutdw\\server\\config.js","statementMap":{"0":{"start":{"line":1,"column":11},"end":{"line":1,"column":24}},"1":{"start":{"line":2,"column":13},"end":{"line":2,"column":28}},"2":{"start":{"line":3,"column":16},"end":{"line":3,"column":35}},"3":{"start":{"line":8,"column":18},"end":{"line":8,"column":62}},"4":{"start":{"line":9,"column":19},"end":{"line":9,"column":54}},"5":{"start":{"line":14,"column":22},"end":{"line":19,"column":1}},"6":{"start":{"line":24,"column":18},"end":{"line":24,"column":22}},"7":{"start":{"line":30,"column":2},"end":{"line":32,"column":3}},"8":{"start":{"line":31,"column":4},"end":{"line":31,"column":49}},"9":{"start":{"line":41,"column":2},"end":{"line":46,"column":4}},"10":{"start":{"line":54,"column":2},"end":{"line":54,"column":38}},"11":{"start":{"line":54,"column":19},"end":{"line":54,"column":38}},"12":{"start":{"line":56,"column":2},"end":{"line":56,"column":20}},"13":{"start":{"line":58,"column":2},"end":{"line":61,"column":3}},"14":{"start":{"line":59,"column":4},"end":{"line":59,"column":30}},"15":{"start":{"line":60,"column":4},"end":{"line":60,"column":32}},"16":{"start":{"line":63,"column":2},"end":{"line":72,"column":3}},"17":{"start":{"line":64,"column":20},"end":{"line":64,"column":56}},"18":{"start":{"line":65,"column":19},"end":{"line":65,"column":38}},"19":{"start":{"line":66,"column":4},"end":{"line":66,"column":41}},"20":{"start":{"line":67,"column":4},"end":{"line":67,"column":23}},"21":{"start":{"line":69,"column":4},"end":{"line":69,"column":51}},"22":{"start":{"line":70,"column":4},"end":{"line":70,"column":39}},"23":{"start":{"line":71,"column":4},"end":{"line":71,"column":23}},"24":{"start":{"line":80,"column":2},"end":{"line":80,"column":20}},"25":{"start":{"line":81,"column":26},"end":{"line":81,"column":48}},"26":{"start":{"line":82,"column":2},"end":{"line":86,"column":4}},"27":{"start":{"line":87,"column":2},"end":{"line":87,"column":32}},"28":{"start":{"line":90,"column":0},"end":{"line":95,"column":2}}},"fnMap":{"0":{"name":"ensureConfigDir","decl":{"start":{"line":29,"column":9},"end":{"line":29,"column":24}},"loc":{"start":{"line":29,"column":27},"end":{"line":33,"column":1}},"line":29},"1":{"name":"validateConfig","decl":{"start":{"line":40,"column":9},"end":{"line":40,"column":23}},"loc":{"start":{"line":40,"column":32},"end":{"line":47,"column":1}},"line":40},"2":{"name":"loadConfig","decl":{"start":{"line":53,"column":9},"end":{"line":53,"column":19}},"loc":{"start":{"line":53,"column":22},"end":{"line":73,"column":1}},"line":53},"3":{"name":"saveConfig","decl":{"start":{"line":79,"column":9},"end":{"line":79,"column":19}},"loc":{"start":{"line":79,"column":28},"end":{"line":88,"column":1}},"line":79}},"branchMap":{"0":{"loc":{"start":{"line":30,"column":2},"end":{"line":32,"column":3}},"type":"if","locations":[{"start":{"line":30,"column":2},"end":{"line":32,"column":3}},{"start":{},"end":{}}],"line":30},"1":{"loc":{"start":{"line":42,"column":9},"end":{"line":42,"column":27}},"type":"binary-expr","locations":[{"start":{"line":42,"column":9},"end":{"line":42,"column":19}},{"start":{"line":42,"column":23},"end":{"line":42,"column":27}}],"line":42},"2":{"loc":{"start":{"line":43,"column":17},"end":{"line":43,"column":43}},"type":"binary-expr","locations":[{"start":{"line":43,"column":17},"end":{"line":43,"column":35}},{"start":{"line":43,"column":39},"end":{"line":43,"column":43}}],"line":43},"3":{"loc":{"start":{"line":54,"column":2},"end":{"line":54,"column":38}},"type":"if","locations":[{"start":{"line":54,"column":2},"end":{"line":54,"column":38}},{"start":{},"end":{}}],"line":54},"4":{"loc":{"start":{"line":58,"column":2},"end":{"line":61,"column":3}},"type":"if","locations":[{"start":{"line":58,"column":2},"end":{"line":61,"column":3}},{"start":{},"end":{}}],"line":58}},"s":{"0":0,"1":0,"2":0,"3":0,"4":0,"5":0,"6":0,"7":0,"8":0,"9":0,"10":0,"11":0,"12":0,"13":0,"14":0,"15":0,"16":0,"17":0,"18":0,"19":0,"20":0,"21":0,"22":0,"23":0,"24":0,"25":0,"26":0,"27":0,"28":0},"f":{"0":0,"1":0,"2":0,"3":0},"b":{"0":[0,0],"1":[0,0],"2":[0,0],"3":[0,0],"4":[0,0]}}
,"F:\\projetos\\shutdw\\server\\network.js": {"path":"F:\\projetos\\shutdw\\server\\network.js","statementMap":{"0":{"start":{"line":1,"column":11},"end":{"line":1,"column":24}},"1":{"start":{"line":2,"column":14},"end":{"line":2,"column":30}},"2":{"start":{"line":10,"column":2},"end":{"line":10,"column":47}},"3":{"start":{"line":21,"column":2},"end":{"line":47,"column":5}},"4":{"start":{"line":22,"column":4},"end":{"line":46,"column":5}},"5":{"start":{"line":23,"column":21},"end":{"line":23,"column":47}},"6":{"start":{"line":24,"column":20},"end":{"line":27,"column":17}},"7":{"start":{"line":25,"column":8},"end":{"line":25,"column":23}},"8":{"start":{"line":26,"column":8},"end":{"line":26,"column":22}},"9":{"start":{"line":29,"column":6},"end":{"line":37,"column":9}},"10":{"start":{"line":30,"column":8},"end":{"line":30,"column":28}},"11":{"start":{"line":31,"column":8},"end":{"line":35,"column":9}},"12":{"start":{"line":32,"column":10},"end":{"line":32,"column":52}},"13":{"start":{"line":34,"column":10},"end":{"line":34,"column":24}},"14":{"start":{"line":36,"column":8},"end":{"line":36,"column":23}},"15":{"start":{"line":39,"column":6},"end":{"line":43,"column":9}},"16":{"start":{"line":40,"column":8},"end":{"line":40,"column":28}},"17":{"start":{"line":41,"column":8},"end":{"line":41,"column":23}},"18":{"start":{"line":42,"column":8},"end":{"line":42,"column":22}},"19":{"start":{"line":45,"column":6},"end":{"line":45,"column":20}},"20":{"start":{"line":56,"column":13},"end":{"line":56,"column":65}},"21":{"start":{"line":57,"column":2},"end":{"line":57,"column":27}},"22":{"start":{"line":66,"column":2},"end":{"line":66,"column":69}},"23":{"start":{"line":74,"column":21},"end":{"line":74,"column":43}},"24":{"start":{"line":75,"column":2},"end":{"line":81,"column":3}},"25":{"start":{"line":76,"column":4},"end":{"line":80,"column":5}},"26":{"start":{"line":77,"column":6},"end":{"line":79,"column":7}},"27":{"start":{"line":78,"column":8},"end":{"line":78,"column":20}},"28":{"start":{"line":82,"column":2},"end":{"line":82,"column":15}},"29":{"start":{"line":85,"column":0},"end":{"line":90,"column":2}}},"fnMap":{"0":{"name":"isIPv6","decl":{"start":{"line":9,"column":9},"end":{"line":9,"column":15}},"loc":{"start":{"line":9,"column":20},"end":{"line":11,"column":1}},"line":9},"1":{"name":"getOutboundAddress","decl":{"start":{"line":20,"column":9},"end":{"line":20,"column":27}},"loc":{"start":{"line":20,"column":60},"end":{"line":48,"column":1}},"line":20},"2":{"name":"(anonymous_2)","decl":{"start":{"line":21,"column":21},"end":{"line":21,"column":22}},"loc":{"start":{"line":21,"column":34},"end":{"line":47,"column":3}},"line":21},"3":{"name":"(anonymous_3)","decl":{"start":{"line":24,"column":31},"end":{"line":24,"column":32}},"loc":{"start":{"line":24,"column":37},"end":{"line":27,"column":7}},"line":24},"4":{"name":"(anonymous_4)","decl":{"start":{"line":29,"column":33},"end":{"line":29,"column":34}},"loc":{"start":{"line":29,"column":39},"end":{"line":37,"column":7}},"line":29},"5":{"name":"(anonymous_5)","decl":{"start":{"line":39,"column":25},"end":{"line":39,"column":26}},"loc":{"start":{"line":39,"column":31},"end":{"line":43,"column":7}},"line":39},"6":{"name":"getOutboundIp","decl":{"start":{"line":55,"column":15},"end":{"line":55,"column":28}},"loc":{"start":{"line":55,"column":45},"end":{"line":58,"column":1}},"line":55},"7":{"name":"getOutboundIpv6","decl":{"start":{"line":65,"column":15},"end":{"line":65,"column":30}},"loc":{"start":{"line":65,"column":47},"end":{"line":67,"column":1}},"line":65},"8":{"name":"hasIPv6Available","decl":{"start":{"line":73,"column":9},"end":{"line":73,"column":25}},"loc":{"start":{"line":73,"column":28},"end":{"line":83,"column":1}},"line":73}},"branchMap":{"0":{"loc":{"start":{"line":10,"column":9},"end":{"line":10,"column":46}},"type":"binary-expr","locations":[{"start":{"line":10,"column":9},"end":{"line":10,"column":25}},{"start":{"line":10,"column":29},"end":{"line":10,"column":46}}],"line":10},"1":{"loc":{"start":{"line":20,"column":44},"end":{"line":20,"column":58}},"type":"default-arg","locations":[{"start":{"line":20,"column":54},"end":{"line":20,"column":58}}],"line":20},"2":{"loc":{"start":{"line":32,"column":18},"end":{"line":32,"column":50}},"type":"binary-expr","locations":[{"start":{"line":32,"column":18},"end":{"line":32,"column":42}},{"start":{"line":32,"column":46},"end":{"line":32,"column":50}}],"line":32},"3":{"loc":{"start":{"line":55,"column":29},"end":{"line":55,"column":43}},"type":"default-arg","locations":[{"start":{"line":55,"column":39},"end":{"line":55,"column":43}}],"line":55},"4":{"loc":{"start":{"line":57,"column":9},"end":{"line":57,"column":26}},"type":"binary-expr","locations":[{"start":{"line":57,"column":9},"end":{"line":57,"column":11}},{"start":{"line":57,"column":15},"end":{"line":57,"column":26}}],"line":57},"5":{"loc":{"start":{"line":65,"column":31},"end":{"line":65,"column":45}},"type":"default-arg","locations":[{"start":{"line":65,"column":41},"end":{"line":65,"column":45}}],"line":65},"6":{"loc":{"start":{"line":77,"column":6},"end":{"line":79,"column":7}},"type":"if","locations":[{"start":{"line":77,"column":6},"end":{"line":79,"column":7}},{"start":{},"end":{}}],"line":77},"7":{"loc":{"start":{"line":77,"column":10},"end":{"line":77,"column":50}},"type":"binary-expr","locations":[{"start":{"line":77,"column":10},"end":{"line":77,"column":32}},{"start":{"line":77,"column":36},"end":{"line":77,"column":50}}],"line":77}},"s":{"0":0,"1":0,"2":0,"3":0,"4":0,"5":0,"6":0,"7":0,"8":0,"9":0,"10":0,"11":0,"12":0,"13":0,"14":0,"15":0,"16":0,"17":0,"18":0,"19":0,"20":0,"21":0,"22":0,"23":0,"24":0,"25":0,"26":0,"27":0,"28":0,"29":0},"f":{"0":0,"1":0,"2":0,"3":0,"4":0,"5":0,"6":0,"7":0,"8":0},"b":{"0":[0,0],"1":[0],"2":[0,0],"3":[0],"4":[0,0],"5":[0],"6":[0,0],"7":[0,0]}}
,"F:\\projetos\\shutdw\\server\\platform.js": {"path":"F:\\projetos\\shutdw\\server\\platform.js","statementMap":{"0":{"start":{"line":6,"column":21},"end":{"line":6,"column":28}},"1":{"start":{"line":12,"column":2},"end":{"line":21,"column":3}},"2":{"start":{"line":14,"column":6},"end":{"line":14,"column":32}},"3":{"start":{"line":16,"column":6},"end":{"line":16,"column":31}},"4":{"start":{"line":18,"column":6},"end":{"line":18,"column":70}},"5":{"start":{"line":20,"column":6},"end":{"line":20,"column":31}},"6":{"start":{"line":29,"column":2},"end":{"line":38,"column":3}},"7":{"start":{"line":31,"column":6},"end":{"line":31,"column":41}},"8":{"start":{"line":33,"column":6},"end":{"line":33,"column":55}},"9":{"start":{"line":35,"column":6},"end":{"line":35,"column":70}},"10":{"start":{"line":37,"column":6},"end":{"line":37,"column":55}},"11":{"start":{"line":45,"column":2},"end":{"line":54,"column":3}},"12":{"start":{"line":47,"column":6},"end":{"line":47,"column":27}},"13":{"start":{"line":49,"column":6},"end":{"line":49,"column":27}},"14":{"start":{"line":51,"column":6},"end":{"line":51,"column":32}},"15":{"start":{"line":53,"column":6},"end":{"line":53,"column":27}},"16":{"start":{"line":61,"column":2},"end":{"line":61,"column":57}},"17":{"start":{"line":68,"column":16},"end":{"line":68,"column":69}},"18":{"start":{"line":69,"column":2},"end":{"line":69,"column":37}},"19":{"start":{"line":72,"column":0},"end":{"line":78,"column":2}}},"fnMap":{"0":{"name":"shutdownNow","decl":{"start":{"line":11,"column":9},"end":{"line":11,"column":20}},"loc":{"start":{"line":11,"column":23},"end":{"line":22,"column":1}},"line":11},"1":{"name":"shutdownWithDelay","decl":{"start":{"line":28,"column":9},"end":{"line":28,"column":26}},"loc":{"start":{"line":28,"column":36},"end":{"line":39,"column":1}},"line":28},"2":{"name":"cancelSystemShutdown","decl":{"start":{"line":44,"column":9},"end":{"line":44,"column":29}},"loc":{"start":{"line":44,"column":32},"end":{"line":55,"column":1}},"line":44},"3":{"name":"isSupported","decl":{"start":{"line":60,"column":9},"end":{"line":60,"column":20}},"loc":{"start":{"line":60,"column":23},"end":{"line":62,"column":1}},"line":60},"4":{"name":"platformName","decl":{"start":{"line":67,"column":9},"end":{"line":67,"column":21}},"loc":{"start":{"line":67,"column":24},"end":{"line":70,"column":1}},"line":67}},"branchMap":{"0":{"loc":{"start":{"line":12,"column":2},"end":{"line":21,"column":3}},"type":"switch","locations":[{"start":{"line":13,"column":4},"end":{"line":14,"column":32}},{"start":{"line":15,"column":4},"end":{"line":16,"column":31}},{"start":{"line":17,"column":4},"end":{"line":18,"column":70}},{"start":{"line":19,"column":4},"end":{"line":20,"column":31}}],"line":12},"1":{"loc":{"start":{"line":29,"column":2},"end":{"line":38,"column":3}},"type":"switch","locations":[{"start":{"line":30,"column":4},"end":{"line":31,"column":41}},{"start":{"line":32,"column":4},"end":{"line":33,"column":55}},{"start":{"line":34,"column":4},"end":{"line":35,"column":70}},{"start":{"line":36,"column":4},"end":{"line":37,"column":55}}],"line":29},"2":{"loc":{"start":{"line":45,"column":2},"end":{"line":54,"column":3}},"type":"switch","locations":[{"start":{"line":46,"column":4},"end":{"line":47,"column":27}},{"start":{"line":48,"column":4},"end":{"line":49,"column":27}},{"start":{"line":50,"column":4},"end":{"line":51,"column":32}},{"start":{"line":52,"column":4},"end":{"line":53,"column":27}}],"line":45},"3":{"loc":{"start":{"line":69,"column":9},"end":{"line":69,"column":36}},"type":"binary-expr","locations":[{"start":{"line":69,"column":9},"end":{"line":69,"column":24}},{"start":{"line":69,"column":28},"end":{"line":69,"column":36}}],"line":69}},"s":{"0":0,"1":0,"2":0,"3":0,"4":0,"5":0,"6":0,"7":0,"8":0,"9":0,"10":0,"11":0,"12":0,"13":0,"14":0,"15":0,"16":0,"17":0,"18":0,"19":0},"f":{"0":0,"1":0,"2":0,"3":0,"4":0},"b":{"0":[0,0,0,0],"1":[0,0,0,0],"2":[0,0,0,0],"3":[0,0]}}
,"F:\\projetos\\shutdw\\server\\shutdown.js": {"path":"F:\\projetos\\shutdw\\server\\shutdown.js","statementMap":{"0":{"start":{"line":1,"column":17},"end":{"line":1,"column":41}},"1":{"start":{"line":2,"column":23},"end":{"line":2,"column":42}},"2":{"start":{"line":3,"column":55},"end":{"line":3,"column":90}},"3":{"start":{"line":4,"column":17},"end":{"line":4,"column":38}},"4":{"start":{"line":6,"column":21},"end":{"line":6,"column":25}},"5":{"start":{"line":11,"column":20},"end":{"line":11,"column":24}},"6":{"start":{"line":20,"column":2},"end":{"line":23,"column":3}},"7":{"start":{"line":21,"column":4},"end":{"line":21,"column":33}},"8":{"start":{"line":22,"column":4},"end":{"line":22,"column":25}},"9":{"start":{"line":26,"column":2},"end":{"line":28,"column":5}},"10":{"start":{"line":27,"column":4},"end":{"line":27,"column":87}},"11":{"start":{"line":27,"column":27},"end":{"line":27,"column":87}},"12":{"start":{"line":30,"column":16},"end":{"line":30,"column":38}},"13":{"start":{"line":31,"column":2},"end":{"line":31,"column":25}},"14":{"start":{"line":31,"column":18},"end":{"line":31,"column":25}},"15":{"start":{"line":33,"column":2},"end":{"line":33,"column":18}},"16":{"start":{"line":36,"column":27},"end":{"line":36,"column":83}},"17":{"start":{"line":37,"column":2},"end":{"line":37,"column":34}},"18":{"start":{"line":39,"column":2},"end":{"line":51,"column":11}},"19":{"start":{"line":40,"column":22},"end":{"line":40,"column":78}},"20":{"start":{"line":41,"column":4},"end":{"line":41,"column":29}},"21":{"start":{"line":43,"column":4},"end":{"line":50,"column":5}},"22":{"start":{"line":44,"column":6},"end":{"line":44,"column":35}},"23":{"start":{"line":45,"column":6},"end":{"line":45,"column":27}},"24":{"start":{"line":46,"column":6},"end":{"line":46,"column":21}},"25":{"start":{"line":47,"column":6},"end":{"line":47,"column":32}},"26":{"start":{"line":48,"column":6},"end":{"line":48,"column":25}},"27":{"start":{"line":49,"column":6},"end":{"line":49,"column":35}},"28":{"start":{"line":53,"column":2},"end":{"line":53,"column":33}},"29":{"start":{"line":54,"column":2},"end":{"line":54,"column":21}},"30":{"start":{"line":62,"column":2},"end":{"line":65,"column":3}},"31":{"start":{"line":63,"column":4},"end":{"line":63,"column":33}},"32":{"start":{"line":64,"column":4},"end":{"line":64,"column":25}},"33":{"start":{"line":67,"column":2},"end":{"line":67,"column":17}},"34":{"start":{"line":68,"column":2},"end":{"line":68,"column":28}},"35":{"start":{"line":69,"column":2},"end":{"line":69,"column":21}},"36":{"start":{"line":70,"column":2},"end":{"line":72,"column":5}},"37":{"start":{"line":71,"column":4},"end":{"line":71,"column":87}},"38":{"start":{"line":71,"column":27},"end":{"line":71,"column":87}},"39":{"start":{"line":75,"column":0},"end":{"line":78,"column":2}}},"fnMap":{"0":{"name":"scheduleShutdown","decl":{"start":{"line":18,"column":9},"end":{"line":18,"column":25}},"loc":{"start":{"line":18,"column":45},"end":{"line":55,"column":1}},"line":18},"1":{"name":"(anonymous_1)","decl":{"start":{"line":26,"column":67},"end":{"line":26,"column":68}},"loc":{"start":{"line":26,"column":76},"end":{"line":28,"column":3}},"line":26},"2":{"name":"(anonymous_2)","decl":{"start":{"line":39,"column":30},"end":{"line":39,"column":31}},"loc":{"start":{"line":39,"column":36},"end":{"line":51,"column":3}},"line":39},"3":{"name":"cancelShutdown","decl":{"start":{"line":61,"column":9},"end":{"line":61,"column":23}},"loc":{"start":{"line":61,"column":32},"end":{"line":73,"column":1}},"line":61},"4":{"name":"(anonymous_4)","decl":{"start":{"line":70,"column":67},"end":{"line":70,"column":68}},"loc":{"start":{"line":70,"column":76},"end":{"line":72,"column":3}},"line":70}},"branchMap":{"0":{"loc":{"start":{"line":20,"column":2},"end":{"line":23,"column":3}},"type":"if","locations":[{"start":{"line":20,"column":2},"end":{"line":23,"column":3}},{"start":{},"end":{}}],"line":20},"1":{"loc":{"start":{"line":27,"column":4},"end":{"line":27,"column":87}},"type":"if","locations":[{"start":{"line":27,"column":4},"end":{"line":27,"column":87}},{"start":{},"end":{}}],"line":27},"2":{"loc":{"start":{"line":27,"column":8},"end":{"line":27,"column":25}},"type":"binary-expr","locations":[{"start":{"line":27,"column":8},"end":{"line":27,"column":11}},{"start":{"line":27,"column":15},"end":{"line":27,"column":25}}],"line":27},"3":{"loc":{"start":{"line":31,"column":2},"end":{"line":31,"column":25}},"type":"if","locations":[{"start":{"line":31,"column":2},"end":{"line":31,"column":25}},{"start":{},"end":{}}],"line":31},"4":{"loc":{"start":{"line":43,"column":4},"end":{"line":50,"column":5}},"type":"if","locations":[{"start":{"line":43,"column":4},"end":{"line":50,"column":5}},{"start":{},"end":{}}],"line":43},"5":{"loc":{"start":{"line":62,"column":2},"end":{"line":65,"column":3}},"type":"if","locations":[{"start":{"line":62,"column":2},"end":{"line":65,"column":3}},{"start":{},"end":{}}],"line":62},"6":{"loc":{"start":{"line":71,"column":4},"end":{"line":71,"column":87}},"type":"if","locations":[{"start":{"line":71,"column":4},"end":{"line":71,"column":87}},{"start":{},"end":{}}],"line":71},"7":{"loc":{"start":{"line":71,"column":8},"end":{"line":71,"column":25}},"type":"binary-expr","locations":[{"start":{"line":71,"column":8},"end":{"line":71,"column":11}},{"start":{"line":71,"column":15},"end":{"line":71,"column":25}}],"line":71}},"s":{"0":0,"1":0,"2":0,"3":0,"4":0,"5":0,"6":0,"7":0,"8":0,"9":0,"10":0,"11":0,"12":0,"13":0,"14":0,"15":0,"16":0,"17":0,"18":0,"19":0,"20":0,"21":0,"22":0,"23":0,"24":0,"25":0,"26":0,"27":0,"28":0,"29":0,"30":0,"31":0,"32":0,"33":0,"34":0,"35":0,"36":0,"37":0,"38":0,"39":0},"f":{"0":0,"1":0,"2":0,"3":0,"4":0},"b":{"0":[0,0],"1":[0,0],"2":[0,0],"3":[0,0],"4":[0,0],"5":[0,0],"6":[0,0],"7":[0,0]}}
}
