TN:
SF:server\auth.js
FN:19,hashPin
FN:35,verifyPin
FN:51,isHash
FNF:3
FNH:3
FNDA:9,hashPin
FNDA:3,verifyPin
FNDA:4,isHash
DA:1,1
DA:6,1
DA:20,9
DA:21,0
DA:23,9
DA:24,0
DA:26,9
DA:36,3
DA:37,0
DA:39,3
DA:40,3
DA:42,0
DA:52,4
DA:55,1
LF:14
LH:10
BRDA:19,0,0,9
BRDA:20,1,0,0
BRDA:20,1,1,9
BRDA:23,2,0,0
BRDA:23,2,1,9
BRDA:36,3,0,0
BRDA:36,3,1,3
BRDA:36,4,0,3
BRDA:36,4,1,3
BRDA:52,5,0,4
BRDA:52,5,1,4
BRF:11
BRH:8
end_of_record
TN:
SF:server\config.js
FN:29,ensureConfigDir
FN:40,validateConfig
FN:53,loadConfig
FN:79,saveConfig
FNF:4
FNH:0
FNDA:0,ensureConfigDir
FNDA:0,validateConfig
FNDA:0,loadConfig
FNDA:0,saveConfig
DA:1,0
DA:2,0
DA:3,0
DA:8,0
DA:9,0
DA:14,0
DA:24,0
DA:30,0
DA:31,0
DA:41,0
DA:54,0
DA:56,0
DA:58,0
DA:59,0
DA:60,0
DA:63,0
DA:64,0
DA:65,0
DA:66,0
DA:67,0
DA:69,0
DA:70,0
DA:71,0
DA:80,0
DA:81,0
DA:82,0
DA:87,0
DA:90,0
LF:28
LH:0
BRDA:30,0,0,0
BRDA:30,0,1,0
BRDA:42,1,0,0
BRDA:42,1,1,0
BRDA:43,2,0,0
BRDA:43,2,1,0
BRDA:54,3,0,0
BRDA:54,3,1,0
BRDA:58,4,0,0
BRDA:58,4,1,0
BRF:10
BRH:0
end_of_record
TN:
SF:server\network.js
FN:9,isIPv6
FN:20,getOutboundAddress
FN:21,(anonymous_2)
FN:24,(anonymous_3)
FN:29,(anonymous_4)
FN:39,(anonymous_5)
FN:55,getOutboundIp
FN:65,getOutboundIpv6
FN:73,hasIPv6Available
FNF:9
FNH:0
FNDA:0,isIPv6
FNDA:0,getOutboundAddress
FNDA:0,(anonymous_2)
FNDA:0,(anonymous_3)
FNDA:0,(anonymous_4)
FNDA:0,(anonymous_5)
FNDA:0,getOutboundIp
FNDA:0,getOutboundIpv6
FNDA:0,hasIPv6Available
DA:1,0
DA:2,0
DA:10,0
DA:21,0
DA:22,0
DA:23,0
DA:24,0
DA:25,0
DA:26,0
DA:29,0
DA:30,0
DA:31,0
DA:32,0
DA:34,0
DA:36,0
DA:39,0
DA:40,0
DA:41,0
DA:42,0
DA:45,0
DA:56,0
DA:57,0
DA:66,0
DA:74,0
DA:75,0
DA:76,0
DA:77,0
DA:78,0
DA:82,0
DA:85,0
LF:30
LH:0
BRDA:10,0,0,0
BRDA:10,0,1,0
BRDA:20,1,0,0
BRDA:32,2,0,0
BRDA:32,2,1,0
BRDA:55,3,0,0
BRDA:57,4,0,0
BRDA:57,4,1,0
BRDA:65,5,0,0
BRDA:77,6,0,0
BRDA:77,6,1,0
BRDA:77,7,0,0
BRDA:77,7,1,0
BRF:13
BRH:0
end_of_record
TN:
SF:server\platform.js
FN:11,shutdownNow
FN:28,shutdownWithDelay
FN:44,cancelSystemShutdown
FN:60,isSupported
FN:67,platformName
FNF:5
FNH:0
FNDA:0,shutdownNow
FNDA:0,shutdownWithDelay
FNDA:0,cancelSystemShutdown
FNDA:0,isSupported
FNDA:0,platformName
DA:6,0
DA:12,0
DA:14,0
DA:16,0
DA:18,0
DA:20,0
DA:29,0
DA:31,0
DA:33,0
DA:35,0
DA:37,0
DA:45,0
DA:47,0
DA:49,0
DA:51,0
DA:53,0
DA:61,0
DA:68,0
DA:69,0
DA:72,0
LF:20
LH:0
BRDA:12,0,0,0
BRDA:12,0,1,0
BRDA:12,0,2,0
BRDA:12,0,3,0
BRDA:29,1,0,0
BRDA:29,1,1,0
BRDA:29,1,2,0
BRDA:29,1,3,0
BRDA:45,2,0,0
BRDA:45,2,1,0
BRDA:45,2,2,0
BRDA:45,2,3,0
BRDA:69,3,0,0
BRDA:69,3,1,0
BRF:14
BRH:0
end_of_record
TN:
SF:server\shutdown.js
FN:18,scheduleShutdown
FN:26,(anonymous_1)
FN:39,(anonymous_2)
FN:61,cancelShutdown
FN:70,(anonymous_4)
FNF:5
FNH:0
FNDA:0,scheduleShutdown
FNDA:0,(anonymous_1)
FNDA:0,(anonymous_2)
FNDA:0,cancelShutdown
FNDA:0,(anonymous_4)
DA:1,0
DA:2,0
DA:3,0
DA:4,0
DA:6,0
DA:11,0
DA:20,0
DA:21,0
DA:22,0
DA:26,0
DA:27,0
DA:30,0
DA:31,0
DA:33,0
DA:36,0
DA:37,0
DA:39,0
DA:40,0
DA:41,0
DA:43,0
DA:44,0
DA:45,0
DA:46,0
DA:47,0
DA:48,0
DA:49,0
DA:53,0
DA:54,0
DA:62,0
DA:63,0
DA:64,0
DA:67,0
DA:68,0
DA:69,0
DA:70,0
DA:71,0
DA:75,0
LF:37
LH:0
BRDA:20,0,0,0
BRDA:20,0,1,0
BRDA:27,1,0,0
BRDA:27,1,1,0
BRDA:27,2,0,0
BRDA:27,2,1,0
BRDA:31,3,0,0
BRDA:31,3,1,0
BRDA:43,4,0,0
BRDA:43,4,1,0
BRDA:62,5,0,0
BRDA:62,5,1,0
BRDA:71,6,0,0
BRDA:71,6,1,0
BRDA:71,7,0,0
BRDA:71,7,1,0
BRF:16
BRH:0
end_of_record
